#
# There is insufficient memory for the Java Runtime Environment to continue.
# Native memory allocation (malloc) failed to allocate 1755376 bytes for Chunk::new
# Possible reasons:
#   The system is out of physical RAM or swap space
#   The process is running with CompressedOops enabled, and the Java Heap may be blocking the growth of the native heap
# Possible solutions:
#   Reduce memory load on the system
#   Increase physical memory or swap space
#   Check if swap backing store is full
#   Decrease Java heap size (-Xmx/-Xms)
#   Decrease number of Java threads
#   Decrease Java thread stack sizes (-Xss)
#   Set larger code cache with -XX:ReservedCodeCacheSize=
#   JVM is running with Zero Based Compressed Oops mode in which the Java heap is
#     placed in the first 32GB address space. The Java Heap base address is the
#     maximum limit for the native heap growth. Please use -XX:HeapBaseMinAddress
#     to set the Java Heap base and to place the Java Heap above 32GB virtual address.
# This output file may be truncated or incomplete.
#
#  Out of Memory Error (allocation.cpp:389), pid=18128, tid=0x0000000000001b64
#
# JRE version: Java(TM) SE Runtime Environment (8.0_261-b12) (build 1.8.0_261-b12)
# Java VM: Java HotSpot(TM) 64-Bit Server VM (25.261-b12 mixed mode windows-amd64 compressed oops)
# Failed to write core dump. Minidumps are not enabled by default on client versions of Windows
#

---------------  T H R E A D  ---------------

Current thread (0x00000168280dc800):  JavaThread "C2 CompilerThread0" daemon [_thread_in_native, id=7012, stack(0x0000001284a00000,0x0000001284b00000)]

Stack: [0x0000001284a00000,0x0000001284b00000]
Native frames: (J=compiled Java code, j=interpreted, Vv=VM code, C=native code)
V  [jvm.dll+0x33e5f9]
V  [jvm.dll+0x2850e2]
V  [jvm.dll+0x285d8d]
V  [jvm.dll+0x27c895]
V  [jvm.dll+0xe4d6c]
V  [jvm.dll+0xe556c]
V  [jvm.dll+0x47ece3]
V  [jvm.dll+0x446900]
V  [jvm.dll+0x44f8f5]
V  [jvm.dll+0x44ecb5]
V  [jvm.dll+0x439bc7]
V  [jvm.dll+0xbbbcb]
V  [jvm.dll+0xba22b]
V  [jvm.dll+0x24d962]
V  [jvm.dll+0x2a1cfc]
C  [ucrtbase.dll+0x21bb2]
C  [KERNEL32.DLL+0x17034]
C  [ntdll.dll+0x4d241]


Current CompileTask:
C2: 238505 9484       4       java.net.URLClassLoader$1::run (5 bytes)


---------------  P R O C E S S  ---------------

Java Threads: ( => current thread )
  0x000001682a786000 JavaThread "Cache worker for Build Output Cleanup Cache (C:\Users\Vocaloid2048\Desktop\FusionPixelmon-master\FusionPixelmon-master-ZH-HK\.gradle\buildOutputCleanup)" [_thread_blocked, id=13348, stack(0x0000001285c00000,0x0000001285d00000)]
  0x000001682a787800 JavaThread "Cache worker for cache directory md-rule (C:\Users\Vocaloid2048\.gradle\caches\5.6.4\md-rule)" [_thread_blocked, id=4528, stack(0x0000001285800000,0x0000001285900000)]
  0x000001682a78a800 JavaThread "Cache worker for cache directory md-supplier (C:\Users\Vocaloid2048\.gradle\caches\5.6.4\md-supplier)" [_thread_blocked, id=7664, stack(0x0000001285700000,0x0000001285800000)]
  0x000001682936c000 JavaThread "Build operations Thread 6" [_thread_blocked, id=5664, stack(0x0000001286300000,0x0000001286400000)]
  0x000001682936b000 JavaThread "Build operations Thread 5" [_thread_blocked, id=17444, stack(0x0000001286200000,0x0000001286300000)]
  0x000001682936a800 JavaThread "Build operations Thread 4" [_thread_blocked, id=20460, stack(0x0000001286100000,0x0000001286200000)]
  0x000001682936e000 JavaThread "Build operations Thread 3" [_thread_blocked, id=10828, stack(0x0000001285f00000,0x0000001286000000)]
  0x000001682936c800 JavaThread "Build operations Thread 2" [_thread_blocked, id=22524, stack(0x0000001285e00000,0x0000001285f00000)]
  0x000001682936d800 JavaThread "Build operations" [_thread_blocked, id=14732, stack(0x0000001285d00000,0x0000001285e00000)]
  0x0000016829366800 JavaThread "Cache worker for file hash cache (C:\Users\Vocaloid2048\Desktop\FusionPixelmon-master\FusionPixelmon-master-ZH-HK\.gradle\5.6.4\fileHashes)" [_thread_blocked, id=2028, stack(0x0000001285600000,0x0000001285700000)]
  0x0000016829367800 JavaThread "Thread-138" [_thread_blocked, id=3388, stack(0x0000001285500000,0x0000001285600000)]
  0x0000016829368000 JavaThread "Stdin handler" [_thread_blocked, id=12404, stack(0x0000001285400000,0x0000001285500000)]
  0x0000016829365000 JavaThread "Asynchronous log dispatcher for DefaultDaemonConnection: socket connection from /127.0.0.1:60529 to /127.0.0.1:60677" [_thread_blocked, id=10376, stack(0x0000001285300000,0x0000001285400000)]
  0x0000016829360800 JavaThread "Cancel handler" [_thread_blocked, id=11632, stack(0x0000001283d00000,0x0000001283e00000)]
  0x0000016829364800 JavaThread "Handler for socket connection from /127.0.0.1:60529 to /127.0.0.1:60677" [_thread_in_native, id=13012, stack(0x0000001283c00000,0x0000001283d00000)]
  0x0000016829361800 JavaThread "File lock release action executor" [_thread_blocked, id=3800, stack(0x0000001286400000,0x0000001286500000)]
  0x000001682935f000 JavaThread "Daemon worker Thread 2" [_thread_in_vm, id=19304, stack(0x0000001285200000,0x0000001285300000)]
  0x0000016829366000 JavaThread "Daemon Thread 2" [_thread_blocked, id=10000, stack(0x0000001283b00000,0x0000001283c00000)]
  0x0000016829363800 JavaThread "Cache worker for file content cache (C:\Users\Vocaloid2048\.gradle\caches\5.6.4\fileContent)" [_thread_blocked, id=13876, stack(0x0000001286800000,0x0000001286900000)]
  0x0000016829363000 JavaThread "Memory manager" [_thread_blocked, id=12360, stack(0x0000001286700000,0x0000001286800000)]
  0x000001682a78b800 JavaThread "Cache worker for execution history cache (C:\Users\Vocaloid2048\.gradle\caches\5.6.4\executionHistory)" [_thread_blocked, id=16888, stack(0x0000001286000000,0x0000001286100000)]
  0x000001682a78a000 JavaThread "Cache worker for journal cache (C:\Users\Vocaloid2048\.gradle\caches\journal-1)" [_thread_blocked, id=11656, stack(0x0000001285b00000,0x0000001285c00000)]
  0x000001682a787000 JavaThread "File lock request listener" [_thread_in_native, id=8476, stack(0x0000001285a00000,0x0000001285b00000)]
  0x000001682a78d000 JavaThread "Cache worker for file hash cache (C:\Users\Vocaloid2048\.gradle\caches\5.6.4\fileHashes)" [_thread_blocked, id=12756, stack(0x0000001285900000,0x0000001285a00000)]
  0x0000016829d80800 JavaThread "Daemon periodic checks" [_thread_blocked, id=18820, stack(0x0000001285100000,0x0000001285200000)]
  0x000001682a181800 JavaThread "Incoming local TCP Connector on port 60529" [_thread_in_native, id=19892, stack(0x0000001285000000,0x0000001285100000)]
  0x0000016829042800 JavaThread "Daemon health stats" [_thread_blocked, id=17036, stack(0x0000001284f00000,0x0000001285000000)]
  0x0000016828f43000 JavaThread "Service Thread" daemon [_thread_blocked, id=2720, stack(0x0000001284d00000,0x0000001284e00000)]
  0x00000168280f4800 JavaThread "C1 CompilerThread2" daemon [_thread_blocked, id=8284, stack(0x0000001284c00000,0x0000001284d00000)]
  0x00000168280ef000 JavaThread "C2 CompilerThread1" daemon [_thread_in_native, id=9032, stack(0x0000001284b00000,0x0000001284c00000)]
=>0x00000168280dc800 JavaThread "C2 CompilerThread0" daemon [_thread_in_native, id=7012, stack(0x0000001284a00000,0x0000001284b00000)]
  0x00000168280d9000 JavaThread "Attach Listener" daemon [_thread_blocked, id=15184, stack(0x0000001284900000,0x0000001284a00000)]
  0x0000016828085000 JavaThread "Signal Dispatcher" daemon [_thread_blocked, id=11984, stack(0x0000001284800000,0x0000001284900000)]
  0x00000168276ca000 JavaThread "Finalizer" daemon [_thread_blocked, id=3532, stack(0x0000001284700000,0x0000001284800000)]
  0x0000016828058000 JavaThread "Reference Handler" daemon [_thread_blocked, id=19224, stack(0x0000001284600000,0x0000001284700000)]
  0x0000016803676000 JavaThread "main" [_thread_blocked, id=14228, stack(0x0000001283e00000,0x0000001283f00000)]

Other Threads:
  0x0000016828032000 VMThread [stack: 0x0000001284500000,0x0000001284600000] [id=11468]
  0x0000016828f7d000 WatcherThread [stack: 0x0000001284e00000,0x0000001284f00000] [id=6552]

VM state:not at safepoint (normal execution)

VM Mutex/Monitor currently owned by a thread: None

heap address: 0x00000005c1800000, size: 8168 MB, Compressed Oops mode: Zero based, Oop shift amount: 3
Narrow klass base: 0x0000000000000000, Narrow klass shift: 3
Compressed class space size: 1073741824 Address: 0x00000007c0000000

Heap:
 PSYoungGen      total 324096K, used 30889K [0x0000000715d80000, 0x000000072e080000, 0x00000007c0000000)
  eden space 273408K, 11% used [0x0000000715d80000,0x0000000717baa568,0x0000000726880000)
  from space 50688K, 0% used [0x000000072af00000,0x000000072af00000,0x000000072e080000)
  to   space 61440K, 0% used [0x0000000726880000,0x0000000726880000,0x000000072a480000)
 ParOldGen       total 283136K, used 63103K [0x00000005c1800000, 0x00000005d2c80000, 0x0000000715d80000)
  object space 283136K, 22% used [0x00000005c1800000,0x00000005c559fe68,0x00000005d2c80000)
 Metaspace       used 58670K, capacity 61182K, committed 61400K, reserved 1101824K
  class space    used 8051K, capacity 8680K, committed 8704K, reserved 1048576K

Card table byte_map: [0x00000168143e0000,0x00000168153e0000] byte_map_base: 0x00000168115d4000

Marking Bits: (ParMarkBitMap*) 0x00000000734c4fb0
 Begin Bits: [0x0000016815e90000, 0x000001681de30000)
 End Bits:   [0x000001681de30000, 0x0000016825dd0000)

Polling page: 0x0000016803620000

CodeCache: size=245760Kb used=25826Kb max_used=25876Kb free=219933Kb
 bounds [0x0000016805020000, 0x0000016806990000, 0x0000016814020000]
 total_blobs=9058 nmethods=8280 adapters=688
 compilation: enabled

Compilation events (10 events):
Event: 238.390 Thread 0x00000168280ef000 nmethod 9507 0x0000016806983210 code [0x0000016806983420, 0x0000016806984750]
Event: 238.394 Thread 0x00000168280ef000 9508   !   4       sun.misc.Resource::getBytes (242 bytes)
Event: 238.412 Thread 0x00000168280ef000 nmethod 9508 0x0000016806988b10 code [0x0000016806988d60, 0x000001680698a430]
Event: 238.412 Thread 0x00000168280ef000 9509       4       java.security.CodeSource::<init> (40 bytes)
Event: 238.412 Thread 0x00000168280ef000 nmethod 9509 0x00000168061e3950 code [0x00000168061e3a80, 0x00000168061e3b18]
Event: 238.434 Thread 0x00000168280f4800 9510       1       org.jetbrains.kotlin.com.intellij.openapi.util.Key::hashCode (5 bytes)
Event: 238.434 Thread 0x00000168280f4800 nmethod 9510 0x0000016806972a50 code [0x0000016806972ba0, 0x0000016806972cb8]
Event: 238.438 Thread 0x00000168280f4800 9511       3       java.lang.invoke.MethodHandle::asType (28 bytes)
Event: 238.438 Thread 0x00000168280f4800 nmethod 9511 0x000001680513e510 code [0x000001680513e680, 0x000001680513ea10]
Event: 238.486 Thread 0x00000168280ef000 9512       4       java.util.regex.Pattern::compile (406 bytes)

GC Heap History (10 events):
Event: 87.776 GC heap before
{Heap before GC invocations=15 (full 2):
 PSYoungGen      total 345088K, used 335415K [0x0000000715d80000, 0x000000072e680000, 0x00000007c0000000)
  eden space 294912K, 100% used [0x0000000715d80000,0x0000000727d80000,0x0000000727d80000)
  from space 50176K, 80% used [0x000000072b280000,0x000000072da0df00,0x000000072e380000)
  to   space 53760K, 0% used [0x0000000727d80000,0x0000000727d80000,0x000000072b200000)
 ParOldGen       total 283136K, used 43017K [0x00000005c1800000, 0x00000005d2c80000, 0x0000000715d80000)
  object space 283136K, 15% used [0x00000005c1800000,0x00000005c4202550,0x00000005d2c80000)
 Metaspace       used 53606K, capacity 55820K, committed 55896K, reserved 1097728K
  class space    used 7485K, capacity 8039K, committed 8064K, reserved 1048576K
Event: 87.806 GC heap after
Heap after GC invocations=15 (full 2):
 PSYoungGen      total 348672K, used 45648K [0x0000000715d80000, 0x0000000731080000, 0x00000007c0000000)
  eden space 294912K, 0% used [0x0000000715d80000,0x0000000715d80000,0x0000000727d80000)
  from space 53760K, 84% used [0x0000000727d80000,0x000000072aa14100,0x000000072b200000)
  to   space 58368K, 0% used [0x000000072d780000,0x000000072d780000,0x0000000731080000)
 ParOldGen       total 283136K, used 43017K [0x00000005c1800000, 0x00000005d2c80000, 0x0000000715d80000)
  object space 283136K, 15% used [0x00000005c1800000,0x00000005c4202550,0x00000005d2c80000)
 Metaspace       used 53606K, capacity 55820K, committed 55896K, reserved 1097728K
  class space    used 7485K, capacity 8039K, committed 8064K, reserved 1048576K
}
Event: 223.980 GC heap before
{Heap before GC invocations=16 (full 2):
 PSYoungGen      total 348672K, used 340560K [0x0000000715d80000, 0x0000000731080000, 0x00000007c0000000)
  eden space 294912K, 100% used [0x0000000715d80000,0x0000000727d80000,0x0000000727d80000)
  from space 53760K, 84% used [0x0000000727d80000,0x000000072aa14100,0x000000072b200000)
  to   space 58368K, 0% used [0x000000072d780000,0x000000072d780000,0x0000000731080000)
 ParOldGen       total 283136K, used 43017K [0x00000005c1800000, 0x00000005d2c80000, 0x0000000715d80000)
  object space 283136K, 15% used [0x00000005c1800000,0x00000005c4202550,0x00000005d2c80000)
 Metaspace       used 54125K, capacity 56576K, committed 56792K, reserved 1097728K
  class space    used 7521K, capacity 8101K, committed 8192K, reserved 1048576K
Event: 224.015 GC heap after
Heap after GC invocations=16 (full 2):
 PSYoungGen      total 322048K, used 34791K [0x0000000715d80000, 0x000000072f980000, 0x00000007c0000000)
  eden space 287232K, 0% used [0x0000000715d80000,0x0000000715d80000,0x0000000727600000)
  from space 34816K, 99% used [0x000000072d780000,0x000000072f979ef0,0x000000072f980000)
  to   space 58368K, 0% used [0x0000000728780000,0x0000000728780000,0x000000072c080000)
 ParOldGen       total 283136K, used 43025K [0x00000005c1800000, 0x00000005d2c80000, 0x0000000715d80000)
  object space 283136K, 15% used [0x00000005c1800000,0x00000005c4204550,0x00000005d2c80000)
 Metaspace       used 54125K, capacity 56576K, committed 56792K, reserved 1097728K
  class space    used 7521K, capacity 8101K, committed 8192K, reserved 1048576K
}
Event: 233.531 GC heap before
{Heap before GC invocations=17 (full 2):
 PSYoungGen      total 322048K, used 322023K [0x0000000715d80000, 0x000000072f980000, 0x00000007c0000000)
  eden space 287232K, 100% used [0x0000000715d80000,0x0000000727600000,0x0000000727600000)
  from space 34816K, 99% used [0x000000072d780000,0x000000072f979ef0,0x000000072f980000)
  to   space 58368K, 0% used [0x0000000728780000,0x0000000728780000,0x000000072c080000)
 ParOldGen       total 283136K, used 43025K [0x00000005c1800000, 0x00000005d2c80000, 0x0000000715d80000)
  object space 283136K, 15% used [0x00000005c1800000,0x00000005c4204550,0x00000005d2c80000)
 Metaspace       used 54125K, capacity 56576K, committed 56792K, reserved 1097728K
  class space    used 7521K, capacity 8101K, committed 8192K, reserved 1048576K
Event: 233.554 GC heap after
Heap after GC invocations=17 (full 2):
 PSYoungGen      total 320512K, used 39943K [0x0000000715d80000, 0x000000072e400000, 0x00000007c0000000)
  eden space 280064K, 0% used [0x0000000715d80000,0x0000000715d80000,0x0000000726f00000)
  from space 40448K, 98% used [0x0000000728780000,0x000000072ae81ef0,0x000000072af00000)
  to   space 54272K, 0% used [0x000000072af00000,0x000000072af00000,0x000000072e400000)
 ParOldGen       total 283136K, used 43025K [0x00000005c1800000, 0x00000005d2c80000, 0x0000000715d80000)
  object space 283136K, 15% used [0x00000005c1800000,0x00000005c4204550,0x00000005d2c80000)
 Metaspace       used 54125K, capacity 56576K, committed 56792K, reserved 1097728K
  class space    used 7521K, capacity 8101K, committed 8192K, reserved 1048576K
}
Event: 238.099 GC heap before
{Heap before GC invocations=18 (full 2):
 PSYoungGen      total 320512K, used 285041K [0x0000000715d80000, 0x000000072e400000, 0x00000007c0000000)
  eden space 280064K, 87% used [0x0000000715d80000,0x0000000724cda870,0x0000000726f00000)
  from space 40448K, 98% used [0x0000000728780000,0x000000072ae81ef0,0x000000072af00000)
  to   space 54272K, 0% used [0x000000072af00000,0x000000072af00000,0x000000072e400000)
 ParOldGen       total 283136K, used 43025K [0x00000005c1800000, 0x00000005d2c80000, 0x0000000715d80000)
  object space 283136K, 15% used [0x00000005c1800000,0x00000005c4204550,0x00000005d2c80000)
 Metaspace       used 56474K, capacity 58942K, committed 59028K, reserved 1099776K
  class space    used 7785K, capacity 8416K, committed 8448K, reserved 1048576K
Event: 238.116 GC heap after
Heap after GC invocations=18 (full 2):
 PSYoungGen      total 324096K, used 42513K [0x0000000715d80000, 0x000000072e080000, 0x00000007c0000000)
  eden space 273408K, 0% used [0x0000000715d80000,0x0000000715d80000,0x0000000726880000)
  from space 50688K, 83% used [0x000000072af00000,0x000000072d884440,0x000000072e080000)
  to   space 61440K, 0% used [0x0000000726880000,0x0000000726880000,0x000000072a480000)
 ParOldGen       total 283136K, used 43047K [0x00000005c1800000, 0x00000005d2c80000, 0x0000000715d80000)
  object space 283136K, 15% used [0x00000005c1800000,0x00000005c4209de0,0x00000005d2c80000)
 Metaspace       used 56474K, capacity 58942K, committed 59028K, reserved 1099776K
  class space    used 7785K, capacity 8416K, committed 8448K, reserved 1048576K
}
Event: 238.116 GC heap before
{Heap before GC invocations=19 (full 3):
 PSYoungGen      total 324096K, used 42513K [0x0000000715d80000, 0x000000072e080000, 0x00000007c0000000)
  eden space 273408K, 0% used [0x0000000715d80000,0x0000000715d80000,0x0000000726880000)
  from space 50688K, 83% used [0x000000072af00000,0x000000072d884440,0x000000072e080000)
  to   space 61440K, 0% used [0x0000000726880000,0x0000000726880000,0x000000072a480000)
 ParOldGen       total 283136K, used 43047K [0x00000005c1800000, 0x00000005d2c80000, 0x0000000715d80000)
  object space 283136K, 15% used [0x00000005c1800000,0x00000005c4209de0,0x00000005d2c80000)
 Metaspace       used 56474K, capacity 58942K, committed 59028K, reserved 1099776K
  class space    used 7785K, capacity 8416K, committed 8448K, reserved 1048576K
Event: 238.252 GC heap after
Heap after GC invocations=19 (full 3):
 PSYoungGen      total 324096K, used 0K [0x0000000715d80000, 0x000000072e080000, 0x00000007c0000000)
  eden space 273408K, 0% used [0x0000000715d80000,0x0000000715d80000,0x0000000726880000)
  from space 50688K, 0% used [0x000000072af00000,0x000000072af00000,0x000000072e080000)
  to   space 61440K, 0% used [0x0000000726880000,0x0000000726880000,0x000000072a480000)
 ParOldGen       total 283136K, used 63103K [0x00000005c1800000, 0x00000005d2c80000, 0x0000000715d80000)
  object space 283136K, 22% used [0x00000005c1800000,0x00000005c559fe68,0x00000005d2c80000)
 Metaspace       used 56464K, capacity 58906K, committed 59028K, reserved 1099776K
  class space    used 7781K, capacity 8410K, committed 8448K, reserved 1048576K
}

Deoptimization events (10 events):
Event: 224.015 Thread 0x0000016828058000 Uncommon trap: reason=class_check action=maybe_recompile pc=0x00000168062a37fc method=sun.misc.Cleaner.clean()V @ 12
Event: 224.015 Thread 0x0000016828058000 Uncommon trap: reason=class_check action=maybe_recompile pc=0x00000168062a37fc method=sun.misc.Cleaner.clean()V @ 12
Event: 228.693 Thread 0x000001682935f000 Uncommon trap: reason=unstable_if action=reinterpret pc=0x0000016806224f70 method=org.gradle.cache.internal.LockOnDemandCrossProcessCacheAccess.decrementLockCount()V @ 54
Event: 238.014 Thread 0x000001682935f000 Uncommon trap: reason=unstable_if action=reinterpret pc=0x0000016805149fbc method=java.lang.CharacterDataLatin1.isWhitespace(I)Z @ 14
Event: 238.252 Thread 0x0000016828058000 Uncommon trap: reason=class_check action=maybe_recompile pc=0x00000168062a37fc method=sun.misc.Cleaner.clean()V @ 12
Event: 238.252 Thread 0x000001682a78d000 Uncommon trap: reason=unstable_if action=reinterpret pc=0x0000016806218238 method=org.gradle.cache.internal.LockOnDemandCrossProcessCacheAccess.decrementLockCount()V @ 54
Event: 238.252 Thread 0x0000016828058000 Uncommon trap: reason=class_check action=maybe_recompile pc=0x00000168062a37fc method=sun.misc.Cleaner.clean()V @ 12
Event: 238.308 Thread 0x000001682935f000 Uncommon trap: reason=unstable_if action=reinterpret pc=0x000001680692a950 method=jdk.internal.org.objectweb.asm.Type.getArgumentsAndReturnSizes(Ljava/lang/String;)I @ 47
Event: 238.308 Thread 0x000001682935f000 Uncommon trap: reason=unstable_if action=reinterpret pc=0x00000168057ed0f4 method=jdk.internal.org.objectweb.asm.Frame.push(Ljdk/internal/org/objectweb/asm/ClassWriter;Ljava/lang/String;)V @ 18
Event: 238.311 Thread 0x000001682935f000 Uncommon trap: reason=unstable_if action=reinterpret pc=0x000001680657f9e0 method=java.util.concurrent.ConcurrentHashMap.replaceNode(Ljava/lang/Object;Ljava/lang/Object;Ljava/lang/Object;)Ljava/lang/Object; @ 17

Classes redefined (0 events):
No events

Internal exceptions (10 events):
Event: 45.738 Thread 0x0000016829d09000 Exception <a 'java/lang/NoSuchMethodError': <clinit>> (0x0000000715dc7318) thrown at [C:\jenkins\workspace\8-2-build-windows-amd64-cygwin\jdk8u261\295\hotspot\src\share\vm\prims\jni.cpp, line 1615]
Event: 45.738 Thread 0x0000016829d09000 Exception <a 'java/lang/NoSuchMethodError': <clinit>> (0x0000000715dd28c8) thrown at [C:\jenkins\workspace\8-2-build-windows-amd64-cygwin\jdk8u261\295\hotspot\src\share\vm\prims\jni.cpp, line 1615]
Event: 45.741 Thread 0x0000016829d09000 Exception <a 'java/lang/NoSuchMethodError': <clinit>> (0x0000000715de5628) thrown at [C:\jenkins\workspace\8-2-build-windows-amd64-cygwin\jdk8u261\295\hotspot\src\share\vm\prims\jni.cpp, line 1615]
Event: 46.391 Thread 0x0000016829360800 Implicit null exception at 0x000001680620e82c to 0x000001680620e89d
Event: 58.292 Thread 0x0000016829cdc800 Implicit null exception at 0x00000168061e98ae to 0x00000168061ea301
Event: 58.293 Thread 0x0000016829cdc800 Implicit null exception at 0x0000016806261ed9 to 0x0000016806262255
Event: 69.102 Thread 0x0000016829cdc800 Implicit null exception at 0x00000168065d8497 to 0x00000168065d8961
Event: 69.107 Thread 0x0000016829cdc800 Implicit null exception at 0x00000168054a9fd1 to 0x00000168054aa087
Event: 238.311 Thread 0x000001682935f000 Implicit null exception at 0x000001680657f2b0 to 0x000001680657f9c1
Event: 238.438 Thread 0x000001682935f000 Exception <a 'java/lang/NoSuchMethodError': java.lang.Object.lambda$static$0()J> (0x00000007175576f0) thrown at [C:\jenkins\workspace\8-2-build-windows-amd64-cygwin\jdk8u261\295\hotspot\src\share\vm\interpreter\linkResolver.cpp, line 620]

Events (10 events):
Event: 238.485 loading class org/jetbrains/kotlin/com/intellij/util/io/URLUtil
Event: 238.485 loading class org/jetbrains/kotlin/com/intellij/util/io/URLUtil done
Event: 238.486 loading class org/jetbrains/kotlin/com/intellij/util/io/URLUtil$1
Event: 238.486 loading class org/jetbrains/kotlin/com/intellij/util/io/URLUtil$1 done
Event: 238.486 loading class java/util/regex/Pattern$Bound
Event: 238.486 loading class java/util/regex/Pattern$Bound done
Event: 238.486 loading class java/util/regex/Pattern$Category
Event: 238.486 loading class java/util/regex/Pattern$Category done
Event: 238.486 loading class java/util/regex/Pattern$NotBehind
Event: 238.486 loading class java/util/regex/Pattern$NotBehind done


Dynamic libraries:
0x00007ff7f88c0000 - 0x00007ff7f8907000 	C:\Program Files\Java\jdk1.8.0_261\bin\java.exe
0x00007ffb7ce50000 - 0x00007ffb7d046000 	C:\WINDOWS\SYSTEM32\ntdll.dll
0x00007ffb7bda0000 - 0x00007ffb7be5d000 	C:\WINDOWS\System32\KERNEL32.DLL
0x00007ffb7a820000 - 0x00007ffb7aae9000 	C:\WINDOWS\System32\KERNELBASE.dll
0x00007ffb7b1c0000 - 0x00007ffb7b26c000 	C:\WINDOWS\System32\ADVAPI32.dll
0x00007ffb7b290000 - 0x00007ffb7b32e000 	C:\WINDOWS\System32\msvcrt.dll
0x00007ffb7bc20000 - 0x00007ffb7bcbc000 	C:\WINDOWS\System32\sechost.dll
0x00007ffb7cb50000 - 0x00007ffb7cc7b000 	C:\WINDOWS\System32\RPCRT4.dll
0x00007ffb7ba80000 - 0x00007ffb7bc20000 	C:\WINDOWS\System32\USER32.dll
0x00007ffb7ae50000 - 0x00007ffb7ae72000 	C:\WINDOWS\System32\win32u.dll
0x00007ffb7cda0000 - 0x00007ffb7cdca000 	C:\WINDOWS\System32\GDI32.dll
0x00007ffb7a6e0000 - 0x00007ffb7a7eb000 	C:\WINDOWS\System32\gdi32full.dll
0x00007ffb7aaf0000 - 0x00007ffb7ab8d000 	C:\WINDOWS\System32\msvcp_win.dll
0x00007ffb7a560000 - 0x00007ffb7a660000 	C:\WINDOWS\System32\ucrtbase.dll
0x00007ffb6ed40000 - 0x00007ffb6efdb000 	C:\WINDOWS\WinSxS\amd64_microsoft.windows.common-controls_6595b64144ccf1df_6.0.19041.746_none_ca02b4b61b8320a4\COMCTL32.dll
0x00007ffb7bf10000 - 0x00007ffb7bf40000 	C:\WINDOWS\System32\IMM32.DLL
0x00007ffb4e1e0000 - 0x00007ffb4e1f5000 	C:\Program Files\Java\jdk1.8.0_261\jre\bin\vcruntime140.dll
0x00007ffb43eb0000 - 0x00007ffb43f4b000 	C:\Program Files\Java\jdk1.8.0_261\jre\bin\msvcp140.dll
0x0000000072cd0000 - 0x000000007353c000 	C:\Program Files\Java\jdk1.8.0_261\jre\bin\server\jvm.dll
0x00007ffb7cb40000 - 0x00007ffb7cb48000 	C:\WINDOWS\System32\PSAPI.DLL
0x00007ffb73ed0000 - 0x00007ffb73ef7000 	C:\WINDOWS\SYSTEM32\WINMM.dll
0x00007ffb743d0000 - 0x00007ffb743da000 	C:\WINDOWS\SYSTEM32\VERSION.dll
0x00007ffb5f640000 - 0x00007ffb5f649000 	C:\WINDOWS\SYSTEM32\WSOCK32.dll
0x00007ffb7bf40000 - 0x00007ffb7bfab000 	C:\WINDOWS\System32\WS2_32.dll
0x00007ffb784d0000 - 0x00007ffb784e2000 	C:\WINDOWS\SYSTEM32\kernel.appcore.dll
0x00007ffb678d0000 - 0x00007ffb678e0000 	C:\Program Files\Java\jdk1.8.0_261\jre\bin\verify.dll
0x00007ffb43fa0000 - 0x00007ffb43fcb000 	C:\Program Files\Java\jdk1.8.0_261\jre\bin\java.dll
0x00007ffb4de60000 - 0x00007ffb4de78000 	C:\Program Files\Java\jdk1.8.0_261\jre\bin\zip.dll
0x00007ffb7b330000 - 0x00007ffb7ba72000 	C:\WINDOWS\System32\SHELL32.dll
0x00007ffb786d0000 - 0x00007ffb78e60000 	C:\WINDOWS\SYSTEM32\windows.storage.dll
0x00007ffb7c720000 - 0x00007ffb7ca76000 	C:\WINDOWS\System32\combase.dll
0x00007ffb79fc0000 - 0x00007ffb79fec000 	C:\WINDOWS\SYSTEM32\Wldp.dll
0x00007ffb7ae80000 - 0x00007ffb7af2e000 	C:\WINDOWS\System32\SHCORE.dll
0x00007ffb7cae0000 - 0x00007ffb7cb35000 	C:\WINDOWS\System32\shlwapi.dll
0x00007ffb7a490000 - 0x00007ffb7a4b6000 	C:\WINDOWS\SYSTEM32\profapi.dll
0x00007ffb4cba0000 - 0x00007ffb4cbbc000 	C:\Program Files\Java\jdk1.8.0_261\jre\bin\net.dll
0x00007ffb79d40000 - 0x00007ffb79daa000 	C:\WINDOWS\system32\mswsock.dll
0x00007ffb4cb20000 - 0x00007ffb4cb33000 	C:\Program Files\Java\jdk1.8.0_261\jre\bin\nio.dll
0x00007ffb483f0000 - 0x00007ffb48416000 	C:\Users\Vocaloid2048\.gradle\native\30\windows-amd64\native-platform.dll
0x00007ffb697b0000 - 0x00007ffb697bd000 	C:\Program Files\Java\jdk1.8.0_261\jre\bin\management.dll
0x00007ffb79f20000 - 0x00007ffb79f38000 	C:\WINDOWS\SYSTEM32\CRYPTSP.dll
0x00007ffb79670000 - 0x00007ffb796a4000 	C:\WINDOWS\system32\rsaenh.dll
0x00007ffb7a7f0000 - 0x00007ffb7a817000 	C:\WINDOWS\System32\bcrypt.dll
0x00007ffb7a410000 - 0x00007ffb7a43e000 	C:\WINDOWS\SYSTEM32\USERENV.dll
0x00007ffb7a660000 - 0x00007ffb7a6e0000 	C:\WINDOWS\System32\bcryptprimitives.dll
0x00007ffb79f10000 - 0x00007ffb79f1c000 	C:\WINDOWS\SYSTEM32\CRYPTBASE.dll
0x00007ffb799e0000 - 0x00007ffb79a1b000 	C:\WINDOWS\SYSTEM32\IPHLPAPI.DLL
0x00007ffb7cdd0000 - 0x00007ffb7cdd8000 	C:\WINDOWS\System32\NSI.dll
0x00007ffb74170000 - 0x00007ffb74187000 	C:\WINDOWS\SYSTEM32\dhcpcsvc6.DLL
0x00007ffb74150000 - 0x00007ffb7416d000 	C:\WINDOWS\SYSTEM32\dhcpcsvc.DLL
0x00007ffb79a20000 - 0x00007ffb79aeb000 	C:\WINDOWS\SYSTEM32\DNSAPI.dll
0x00007ffb65840000 - 0x00007ffb65a24000 	C:\WINDOWS\SYSTEM32\dbghelp.dll

VM Arguments:
jvm_args: -Dfile.encoding=x-windows-950 -Duser.country=HK -Duser.language=zh -Duser.variant 
java_command: org.gradle.launcher.daemon.bootstrap.GradleDaemon 5.6.4
java_class_path (initial): C:\Users\Vocaloid2048\.gradle\wrapper\dists\gradle-5.6.4-bin\bxirm19lnfz6nurbatndyydux\gradle-5.6.4\lib\gradle-launcher-5.6.4.jar
Launcher Type: SUN_STANDARD

Environment Variables:
PATH=C:\Program Files (x86)\Common Files\Oracle\Java\javapath;C:\Program Files (x86)\VMware\VMware Player\bin\;C:\Program Files\Java\jdk-14.0.2\bin;C:\Program Files (x86)\Common Files\Intel\Shared Libraries\redist\intel64\compiler;C:\Windows\system32;C:\Windows;C:\Windows\System32\Wbem;C:\Windows\System32\WindowsPowerShell\v1.0\;C:\Program Files (x86)\Intel\Intel(R) Management Engine Components\DAL;C:\Program Files\Intel\Intel(R) Management Engine Components\DAL;C:\Program Files\Intel\WiFi\bin\;C:\Program Files\Common Files\Intel\WirelessCommon\;C:\WINDOWS\system32;C:\WINDOWS;C:\WINDOWS\System32\Wbem;C:\WINDOWS\System32\WindowsPowerShell\v1.0\;C:\WINDOWS\System32\OpenSSH\;;C:\Program Files (x86)\NVIDIA Corporation\PhysX\Common;C:\Program Files\NVIDIA Corporation\NVIDIA NvDLISR;C:\WINDOWS\system32;C:\WINDOWS;C:\WINDOWS\System32\Wbem;C:\WINDOWS\System32\WindowsPowerShell\v1.0\;C:\WINDOWS\System32\OpenSSH\;C:\Program Files\dotnet\;C:\Program Files (x86)\dotnet\;C:\Program Files\nodejs\;C:\Program Files\PuTTY\;C:\Users\VOCALO~1\AppData\Local\Temp\Rar$DIa8260.26789\templates;C:\Users\VOCALO~1\AppData\Local\Temp\Rar$DIa8260.26789\tools\cocos2d-console\bin;C:\Users\VOCALO~1\AppData\Local\Temp\Rar$DIa8260.25740\templates;C:\Users\VOCALO~1\AppData\Local\Temp\Rar$DIa8260.25740\tools\cocos2d-console\bin;\cocos2d-x-4.0\templates;\Rar$DIa20292.27226\templates;\Rar$DIa20292.25193\templates;\Rar$DIa20292.25193\tools\cocos2d-console\bin;C:\Users\Vocaloid2048\AppData\Local\Microsoft\WindowsApps;C:\Program Files\Intel\WiFi\bin\;C:\Program Files\Common Files\Intel\WirelessCommon\;C:\Users\Vocaloid2048\AppData\Local\GitHubDesktop\bin;C:\Users\Vocaloid2048\AppData\Local\Microsoft\WindowsApps;C:\Users\Vocaloid2048\.dotnet\tools;C:\Users\Vocaloid2048\AppData\Roaming\npm;C:\Program Files\JetBrains\IntelliJ IDEA Community Edition 2020.3.2\bin;
USERNAME=Vocaloid2048
OS=Windows_NT
PROCESSOR_IDENTIFIER=Intel64 Family 6 Model 158 Stepping 10, GenuineIntel



---------------  S Y S T E M  ---------------

OS: Windows 10.0 , 64 bit Build 19041 (10.0.19041.804)

CPU:total 6 (initial active 6) (6 cores per cpu, 1 threads per core) family 6 model 158 stepping 10, cmov, cx8, fxsr, mmx, sse, sse2, sse3, ssse3, sse4.1, sse4.2, popcnt, avx, avx2, aes, clmul, erms, 3dnowpref, lzcnt, tsc, tscinvbit, bmi1, bmi2, adx

Memory: 4k page, physical 33451664k(15693628k free), swap 34500240k(4416k free)

vm_info: Java HotSpot(TM) 64-Bit Server VM (25.261-b12) for windows-amd64 JRE (1.8.0_261-b12), built on Jun 18 2020 06:56:32 by "" with unknown MS VC++:1916

time: Fri Feb 19 19:04:58 2021
timezone: 中國標準時間
elapsed time: 238 seconds (0d 0h 3m 58s)

